<?xml version="1.0" encoding="UTF-8"?>
<testsuite name="com.dummyTesting.MooAnalyserTest" tests="1" skipped="0" failures="0" errors="0" timestamp="2020-07-23T09:46:31" hostname="HARI-PC" time="0.002">
  <properties/>
  <testcase name="testMoodAnalyser" classname="com.dummyTesting.MooAnalyserTest" time="0.002"/>
  <system-out><![CDATA[]]></system-out>
  <system-err><![CDATA[]]></system-err>
</testsuite>
