<?xml version="1.0" encoding="UTF-8"?>
<testsuite name="com.dummyTesting.MooAnalyserTest" tests="4" skipped="0" failures="0" errors="0" timestamp="2020-07-26T06:59:46" hostname="HARI-PC" time="0.005">
  <properties/>
  <testcase name="testSadMoodAnalyser" classname="com.dummyTesting.MooAnalyserTest" time="0.003"/>
  <testcase name="givenEmpty_ShouldThrowException" classname="com.dummyTesting.MooAnalyserTest" time="0.002"/>
  <testcase name="givenNullMood_ShouldThrowException" classname="com.dummyTesting.MooAnalyserTest" time="0.0"/>
  <testcase name="testHappyMoodAnalyser" classname="com.dummyTesting.MooAnalyserTest" time="0.0"/>
  <system-out><![CDATA[]]></system-out>
  <system-err><![CDATA[]]></system-err>
</testsuite>
