<?xml version="1.0" encoding="UTF-8"?>
<testsuite name="com.dummyTesting.MooAnalyserTest" tests="3" skipped="0" failures="0" errors="0" timestamp="2020-07-23T13:27:53" hostname="HARI-PC" time="0.013">
  <properties/>
  <testcase name="testSadMoodAnalyser" classname="com.dummyTesting.MooAnalyserTest" time="0.002"/>
  <testcase name="givenNullMoodShouldReturnHappy" classname="com.dummyTesting.MooAnalyserTest" time="0.01"/>
  <testcase name="testHappyMoodAnalyser" classname="com.dummyTesting.MooAnalyserTest" time="0.0"/>
  <system-out><![CDATA[]]></system-out>
  <system-err><![CDATA[]]></system-err>
</testsuite>
